<?xml version="1.0" encoding="UTF-8"?>
<testng-results ignored="0" total="1" passed="1" failed="0" skipped="0">
  <reporter-output>
  </reporter-output>
  <suite started-at="2025-11-16T02:01:57 IST" name="OrangeHRMSuite" finished-at="2025-11-16T02:02:05 IST" duration-ms="7950">
    <groups>
    </groups>
    <test started-at="2025-11-16T02:01:57 IST" name="OrangeHRMTest" finished-at="2025-11-16T02:02:05 IST" duration-ms="7950">
      <class name="com.OrangeHRM.test.dummyTest">
        <test-method is-config="true" signature="loadConfig()[pri:0, instance:com.OrangeHRM.test.dummyTest@37d4349f]" started-at="2025-11-16T02:01:57 IST" name="loadConfig" finished-at="2025-11-16T02:01:57 IST" duration-ms="6" status="PASS">
          <reporter-output>
          </reporter-output>
        </test-method> <!-- loadConfig -->
        <test-method is-config="true" signature="setup()[pri:0, instance:com.OrangeHRM.test.dummyTest@37d4349f]" started-at="2025-11-16T02:01:57 IST" name="setup" finished-at="2025-11-16T02:02:05 IST" duration-ms="7588" status="PASS">
          <reporter-output>
          </reporter-output>
        </test-method> <!-- setup -->
        <test-method signature="dummyTestfirst()[pri:0, instance:com.OrangeHRM.test.dummyTest@37d4349f]" started-at="2025-11-16T02:02:05 IST" name="dummyTestfirst" finished-at="2025-11-16T02:02:05 IST" duration-ms="15" status="PASS">
          <reporter-output>
          </reporter-output>
        </test-method> <!-- dummyTestfirst -->
        <test-method is-config="true" signature="tearDown()[pri:0, instance:com.OrangeHRM.test.dummyTest@37d4349f]" started-at="2025-11-16T02:02:05 IST" name="tearDown" finished-at="2025-11-16T02:02:05 IST" duration-ms="321" status="PASS">
          <reporter-output>
          </reporter-output>
        </test-method> <!-- tearDown -->
      </class> <!-- com.OrangeHRM.test.dummyTest -->
    </test> <!-- OrangeHRMTest -->
  </suite> <!-- OrangeHRMSuite -->
</testng-results>
